2020-12-09 10:10:22,127 DEBUG (BaseJdbcLogger.java:143)- ==>  Preparing: SELECT * FROM user WHERE (user_name = ?) 
2020-12-09 10:10:22,136 DEBUG (BaseJdbcLogger.java:143)- ==> Parameters: test1(String)
2020-12-09 10:10:22,149 DEBUG (BaseJdbcLogger.java:143)- <==      Total: 1
2020-12-09 10:10:43,473 DEBUG (BaseJdbcLogger.java:143)- ==>  Preparing: SELECT COUNT(1) FROM device 
2020-12-09 10:10:43,475 DEBUG (BaseJdbcLogger.java:143)- ==> Parameters: 
2020-12-09 10:10:43,502 DEBUG (BaseJdbcLogger.java:143)- ==>  Preparing: SELECT * FROM device LIMIT ?,? 
2020-12-09 10:10:43,504 DEBUG (BaseJdbcLogger.java:143)- ==> Parameters: 0(Long), 10(Long)
2020-12-09 10:10:43,510 DEBUG (BaseJdbcLogger.java:143)- <==      Total: 4
2020-12-09 10:10:44,733 DEBUG (BaseJdbcLogger.java:143)- ==>  Preparing: SELECT COUNT(1) FROM device 
2020-12-09 10:10:44,734 DEBUG (BaseJdbcLogger.java:143)- ==> Parameters: 
2020-12-09 10:10:44,741 DEBUG (BaseJdbcLogger.java:143)- ==>  Preparing: SELECT * FROM device LIMIT ?,? 
2020-12-09 10:10:44,742 DEBUG (BaseJdbcLogger.java:143)- ==> Parameters: 0(Long), 10(Long)
2020-12-09 10:10:44,752 DEBUG (BaseJdbcLogger.java:143)- <==      Total: 4
2020-12-09 10:11:01,647 DEBUG (BaseJdbcLogger.java:143)- ==>  Preparing: SELECT COUNT(1) FROM role 
2020-12-09 10:11:01,647 DEBUG (BaseJdbcLogger.java:143)- ==> Parameters: 
2020-12-09 10:11:01,657 DEBUG (BaseJdbcLogger.java:143)- ==>  Preparing: SELECT * FROM role LIMIT ?,? 
2020-12-09 10:11:01,657 DEBUG (BaseJdbcLogger.java:143)- ==> Parameters: 0(Long), 10(Long)
2020-12-09 10:11:01,660 DEBUG (BaseJdbcLogger.java:143)- <==      Total: 3
2020-12-09 10:11:04,303 DEBUG (BaseJdbcLogger.java:143)- ==>  Preparing: SELECT COUNT(1) FROM role 
2020-12-09 10:11:04,303 DEBUG (BaseJdbcLogger.java:143)- ==> Parameters: 
2020-12-09 10:11:04,309 DEBUG (BaseJdbcLogger.java:143)- ==>  Preparing: SELECT * FROM role LIMIT ?,? 
2020-12-09 10:11:04,309 DEBUG (BaseJdbcLogger.java:143)- ==> Parameters: 0(Long), 10(Long)
2020-12-09 10:11:04,311 DEBUG (BaseJdbcLogger.java:143)- <==      Total: 3
2020-12-09 10:11:04,331 DEBUG (BaseJdbcLogger.java:143)- ==>  Preparing: SELECT COUNT(1) FROM user 
2020-12-09 10:11:04,331 DEBUG (BaseJdbcLogger.java:143)- ==> Parameters: 
2020-12-09 10:11:04,335 DEBUG (BaseJdbcLogger.java:143)- ==>  Preparing: SELECT user_id,user_name,role_name,user_right FROM user LIMIT ?,? 
2020-12-09 10:11:04,336 DEBUG (BaseJdbcLogger.java:143)- ==> Parameters: 0(Long), 10(Long)
2020-12-09 10:11:04,339 DEBUG (BaseJdbcLogger.java:143)- <==      Total: 7
2020-12-09 10:11:18,898 DEBUG (BaseJdbcLogger.java:143)- ==>  Preparing: SELECT COUNT(1) FROM role 
2020-12-09 10:11:18,898 DEBUG (BaseJdbcLogger.java:143)- ==> Parameters: 
2020-12-09 10:11:18,902 DEBUG (BaseJdbcLogger.java:143)- ==>  Preparing: SELECT * FROM role LIMIT ?,? 
2020-12-09 10:11:18,903 DEBUG (BaseJdbcLogger.java:143)- ==> Parameters: 0(Long), 10(Long)
2020-12-09 10:11:18,906 DEBUG (BaseJdbcLogger.java:143)- <==      Total: 3
2020-12-09 10:11:21,971 DEBUG (BaseJdbcLogger.java:143)- ==>  Preparing: SELECT COUNT(1) FROM role 
2020-12-09 10:11:21,972 DEBUG (BaseJdbcLogger.java:143)- ==> Parameters: 
2020-12-09 10:11:21,975 DEBUG (BaseJdbcLogger.java:143)- ==>  Preparing: SELECT * FROM role LIMIT ?,? 
2020-12-09 10:11:21,976 DEBUG (BaseJdbcLogger.java:143)- ==> Parameters: 0(Long), 10(Long)
2020-12-09 10:11:21,983 DEBUG (BaseJdbcLogger.java:143)- <==      Total: 3
2020-12-09 10:11:21,985 DEBUG (BaseJdbcLogger.java:143)- ==>  Preparing: SELECT COUNT(1) FROM user 
2020-12-09 10:11:21,985 DEBUG (BaseJdbcLogger.java:143)- ==> Parameters: 
2020-12-09 10:11:22,001 DEBUG (BaseJdbcLogger.java:143)- ==>  Preparing: SELECT user_id,user_name,role_name,user_right FROM user LIMIT ?,? 
2020-12-09 10:11:22,002 DEBUG (BaseJdbcLogger.java:143)- ==> Parameters: 0(Long), 10(Long)
2020-12-09 10:11:22,006 DEBUG (BaseJdbcLogger.java:143)- <==      Total: 7
2020-12-09 10:11:33,942 DEBUG (BaseJdbcLogger.java:143)- ==>  Preparing: SELECT COUNT(1) FROM role 
2020-12-09 10:11:33,943 DEBUG (BaseJdbcLogger.java:143)- ==> Parameters: 
2020-12-09 10:11:33,958 DEBUG (BaseJdbcLogger.java:143)- ==>  Preparing: SELECT * FROM role LIMIT ?,? 
2020-12-09 10:11:33,958 DEBUG (BaseJdbcLogger.java:143)- ==> Parameters: 0(Long), 10(Long)
2020-12-09 10:11:33,960 DEBUG (BaseJdbcLogger.java:143)- <==      Total: 3
2020-12-09 10:11:38,108 DEBUG (BaseJdbcLogger.java:143)- ==>  Preparing: SELECT COUNT(1) FROM role 
2020-12-09 10:11:38,108 DEBUG (BaseJdbcLogger.java:143)- ==>  Preparing: SELECT COUNT(1) FROM user 
2020-12-09 10:11:38,108 DEBUG (BaseJdbcLogger.java:143)- ==> Parameters: 
2020-12-09 10:11:38,108 DEBUG (BaseJdbcLogger.java:143)- ==> Parameters: 
2020-12-09 10:11:38,112 DEBUG (BaseJdbcLogger.java:143)- ==>  Preparing: SELECT user_id,user_name,role_name,user_right FROM user LIMIT ?,? 
2020-12-09 10:11:38,115 DEBUG (BaseJdbcLogger.java:143)- ==> Parameters: 0(Long), 10(Long)
2020-12-09 10:11:38,119 DEBUG (BaseJdbcLogger.java:143)- <==      Total: 7
2020-12-09 10:11:38,121 DEBUG (BaseJdbcLogger.java:143)- ==>  Preparing: SELECT * FROM role LIMIT ?,? 
2020-12-09 10:11:38,121 DEBUG (BaseJdbcLogger.java:143)- ==> Parameters: 0(Long), 10(Long)
2020-12-09 10:11:38,126 DEBUG (BaseJdbcLogger.java:143)- <==      Total: 3
2020-12-09 10:11:53,167 DEBUG (BaseJdbcLogger.java:143)- ==>  Preparing: SELECT COUNT(1) FROM role 
2020-12-09 10:11:53,168 DEBUG (BaseJdbcLogger.java:143)- ==> Parameters: 
2020-12-09 10:11:53,172 DEBUG (BaseJdbcLogger.java:143)- ==>  Preparing: SELECT * FROM role LIMIT ?,? 
2020-12-09 10:11:53,173 DEBUG (BaseJdbcLogger.java:143)- ==> Parameters: 0(Long), 10(Long)
2020-12-09 10:11:53,174 DEBUG (BaseJdbcLogger.java:143)- <==      Total: 3
2020-12-09 10:11:55,927 DEBUG (BaseJdbcLogger.java:143)- ==>  Preparing: SELECT COUNT(1) FROM role 
2020-12-09 10:11:55,927 DEBUG (BaseJdbcLogger.java:143)- ==> Parameters: 
2020-12-09 10:11:55,927 DEBUG (BaseJdbcLogger.java:143)- ==>  Preparing: SELECT COUNT(1) FROM user 
2020-12-09 10:11:55,928 DEBUG (BaseJdbcLogger.java:143)- ==> Parameters: 
2020-12-09 10:11:55,929 DEBUG (BaseJdbcLogger.java:143)- ==>  Preparing: SELECT * FROM role LIMIT ?,? 
2020-12-09 10:11:55,930 DEBUG (BaseJdbcLogger.java:143)- ==> Parameters: 0(Long), 10(Long)
2020-12-09 10:11:55,931 DEBUG (BaseJdbcLogger.java:143)- ==>  Preparing: SELECT user_id,user_name,role_name,user_right FROM user LIMIT ?,? 
2020-12-09 10:11:55,931 DEBUG (BaseJdbcLogger.java:143)- <==      Total: 3
2020-12-09 10:11:55,932 DEBUG (BaseJdbcLogger.java:143)- ==> Parameters: 0(Long), 10(Long)
2020-12-09 10:11:55,933 DEBUG (BaseJdbcLogger.java:143)- <==      Total: 7
2020-12-09 10:12:04,891 DEBUG (BaseJdbcLogger.java:143)- ==>  Preparing: SELECT COUNT(1) FROM device 
2020-12-09 10:12:04,892 DEBUG (BaseJdbcLogger.java:143)- ==> Parameters: 
2020-12-09 10:12:04,894 DEBUG (BaseJdbcLogger.java:143)- ==>  Preparing: SELECT * FROM device LIMIT ?,? 
2020-12-09 10:12:04,894 DEBUG (BaseJdbcLogger.java:143)- ==> Parameters: 0(Long), 10(Long)
2020-12-09 10:12:04,896 DEBUG (BaseJdbcLogger.java:143)- <==      Total: 4
2020-12-09 10:12:07,605 DEBUG (BaseJdbcLogger.java:143)- ==>  Preparing: SELECT COUNT(1) FROM role 
2020-12-09 10:12:07,605 DEBUG (BaseJdbcLogger.java:143)- ==> Parameters: 
2020-12-09 10:12:07,609 DEBUG (BaseJdbcLogger.java:143)- ==>  Preparing: SELECT * FROM role LIMIT ?,? 
2020-12-09 10:12:07,609 DEBUG (BaseJdbcLogger.java:143)- ==> Parameters: 0(Long), 10(Long)
2020-12-09 10:12:07,610 DEBUG (BaseJdbcLogger.java:143)- <==      Total: 3
2020-12-09 10:12:10,928 DEBUG (BaseJdbcLogger.java:143)- ==>  Preparing: SELECT COUNT(1) FROM device 
2020-12-09 10:12:10,929 DEBUG (BaseJdbcLogger.java:143)- ==> Parameters: 
2020-12-09 10:12:10,931 DEBUG (BaseJdbcLogger.java:143)- ==>  Preparing: SELECT * FROM device LIMIT ?,? 
2020-12-09 10:12:10,932 DEBUG (BaseJdbcLogger.java:143)- ==> Parameters: 0(Long), 10(Long)
2020-12-09 10:12:10,933 DEBUG (BaseJdbcLogger.java:143)- <==      Total: 4
2020-12-09 10:12:13,269 DEBUG (BaseJdbcLogger.java:143)- ==>  Preparing: SELECT COUNT(1) FROM role 
2020-12-09 10:12:13,270 DEBUG (BaseJdbcLogger.java:143)- ==> Parameters: 
2020-12-09 10:12:13,270 DEBUG (BaseJdbcLogger.java:143)- ==>  Preparing: SELECT COUNT(1) FROM user 
2020-12-09 10:12:13,270 DEBUG (BaseJdbcLogger.java:143)- ==> Parameters: 
2020-12-09 10:12:13,272 DEBUG (BaseJdbcLogger.java:143)- ==>  Preparing: SELECT * FROM role LIMIT ?,? 
2020-12-09 10:12:13,272 DEBUG (BaseJdbcLogger.java:143)- ==> Parameters: 0(Long), 10(Long)
2020-12-09 10:12:13,273 DEBUG (BaseJdbcLogger.java:143)- ==>  Preparing: SELECT user_id,user_name,role_name,user_right FROM user LIMIT ?,? 
2020-12-09 10:12:13,273 DEBUG (BaseJdbcLogger.java:143)- <==      Total: 3
2020-12-09 10:12:13,274 DEBUG (BaseJdbcLogger.java:143)- ==> Parameters: 0(Long), 10(Long)
2020-12-09 10:12:13,276 DEBUG (BaseJdbcLogger.java:143)- <==      Total: 7
2020-12-09 10:12:20,975 DEBUG (BaseJdbcLogger.java:143)- ==>  Preparing: SELECT COUNT(1) FROM role 
2020-12-09 10:12:20,976 DEBUG (BaseJdbcLogger.java:143)- ==> Parameters: 
2020-12-09 10:12:20,980 DEBUG (BaseJdbcLogger.java:143)- ==>  Preparing: SELECT * FROM role LIMIT ?,? 
2020-12-09 10:12:20,980 DEBUG (BaseJdbcLogger.java:143)- ==> Parameters: 0(Long), 10(Long)
2020-12-09 10:12:20,981 DEBUG (BaseJdbcLogger.java:143)- <==      Total: 3
2020-12-09 10:12:22,738 DEBUG (BaseJdbcLogger.java:143)- ==>  Preparing: SELECT COUNT(1) FROM user 
2020-12-09 10:12:22,739 DEBUG (BaseJdbcLogger.java:143)- ==> Parameters: 
2020-12-09 10:12:22,739 DEBUG (BaseJdbcLogger.java:143)- ==>  Preparing: SELECT COUNT(1) FROM role 
2020-12-09 10:12:22,739 DEBUG (BaseJdbcLogger.java:143)- ==> Parameters: 
2020-12-09 10:12:22,743 DEBUG (BaseJdbcLogger.java:143)- ==>  Preparing: SELECT user_id,user_name,role_name,user_right FROM user LIMIT ?,? 
2020-12-09 10:12:22,744 DEBUG (BaseJdbcLogger.java:143)- ==>  Preparing: SELECT * FROM role LIMIT ?,? 
2020-12-09 10:12:22,744 DEBUG (BaseJdbcLogger.java:143)- ==> Parameters: 0(Long), 10(Long)
2020-12-09 10:12:22,744 DEBUG (BaseJdbcLogger.java:143)- ==> Parameters: 0(Long), 10(Long)
2020-12-09 10:12:22,746 DEBUG (BaseJdbcLogger.java:143)- <==      Total: 7
2020-12-09 10:12:22,746 DEBUG (BaseJdbcLogger.java:143)- <==      Total: 3
2020-12-09 10:17:25,195 DEBUG (BaseJdbcLogger.java:143)- ==>  Preparing: SELECT COUNT(1) FROM role 
2020-12-09 10:17:25,214 DEBUG (BaseJdbcLogger.java:143)- ==> Parameters: 
2020-12-09 10:17:25,248 DEBUG (BaseJdbcLogger.java:143)- ==>  Preparing: SELECT * FROM role LIMIT ?,? 
2020-12-09 10:17:25,250 DEBUG (BaseJdbcLogger.java:143)- ==> Parameters: 0(Long), 10(Long)
2020-12-09 10:17:25,255 DEBUG (BaseJdbcLogger.java:143)- <==      Total: 3
2020-12-09 10:17:28,071 DEBUG (BaseJdbcLogger.java:143)- ==>  Preparing: SELECT COUNT(1) FROM role 
2020-12-09 10:17:28,071 DEBUG (BaseJdbcLogger.java:143)- ==> Parameters: 
2020-12-09 10:17:28,077 DEBUG (BaseJdbcLogger.java:143)- ==>  Preparing: SELECT * FROM role LIMIT ?,? 
2020-12-09 10:17:28,080 DEBUG (BaseJdbcLogger.java:143)- ==> Parameters: 0(Long), 10(Long)
2020-12-09 10:17:28,084 DEBUG (BaseJdbcLogger.java:143)- <==      Total: 3
2020-12-09 10:17:28,089 DEBUG (BaseJdbcLogger.java:143)- ==>  Preparing: SELECT COUNT(1) FROM user 
2020-12-09 10:17:28,090 DEBUG (BaseJdbcLogger.java:143)- ==> Parameters: 
2020-12-09 10:17:28,095 DEBUG (BaseJdbcLogger.java:143)- ==>  Preparing: SELECT user_id,user_name,role_name,user_right FROM user LIMIT ?,? 
2020-12-09 10:17:28,097 DEBUG (BaseJdbcLogger.java:143)- ==> Parameters: 0(Long), 10(Long)
2020-12-09 10:17:28,099 DEBUG (BaseJdbcLogger.java:143)- <==      Total: 7
2020-12-09 10:18:14,796 DEBUG (BaseJdbcLogger.java:143)- ==>  Preparing: SELECT COUNT(1) FROM role 
2020-12-09 10:18:14,817 DEBUG (BaseJdbcLogger.java:143)- ==> Parameters: 
2020-12-09 10:18:14,846 DEBUG (BaseJdbcLogger.java:143)- ==>  Preparing: SELECT * FROM role LIMIT ?,? 
2020-12-09 10:18:14,848 DEBUG (BaseJdbcLogger.java:143)- ==> Parameters: 0(Long), 10(Long)
2020-12-09 10:18:14,855 DEBUG (BaseJdbcLogger.java:143)- <==      Total: 3
2020-12-09 10:18:18,260 DEBUG (BaseJdbcLogger.java:143)- ==>  Preparing: SELECT COUNT(1) FROM role 
2020-12-09 10:18:18,263 DEBUG (BaseJdbcLogger.java:143)- ==> Parameters: 
2020-12-09 10:18:18,267 DEBUG (BaseJdbcLogger.java:143)- ==>  Preparing: SELECT * FROM role LIMIT ?,? 
2020-12-09 10:18:18,269 DEBUG (BaseJdbcLogger.java:143)- ==> Parameters: 0(Long), 10(Long)
2020-12-09 10:18:18,271 DEBUG (BaseJdbcLogger.java:143)- <==      Total: 3
2020-12-09 10:18:18,278 DEBUG (BaseJdbcLogger.java:143)- ==>  Preparing: SELECT COUNT(1) FROM user 
2020-12-09 10:18:18,280 DEBUG (BaseJdbcLogger.java:143)- ==> Parameters: 
2020-12-09 10:18:18,285 DEBUG (BaseJdbcLogger.java:143)- ==>  Preparing: SELECT user_id,user_name,role_name,user_right FROM user LIMIT ?,? 
2020-12-09 10:18:18,287 DEBUG (BaseJdbcLogger.java:143)- ==> Parameters: 0(Long), 10(Long)
2020-12-09 10:18:18,292 DEBUG (BaseJdbcLogger.java:143)- <==      Total: 7
2020-12-09 10:20:23,840 DEBUG (BaseJdbcLogger.java:143)- ==>  Preparing: SELECT COUNT(1) FROM device 
2020-12-09 10:20:23,861 DEBUG (BaseJdbcLogger.java:143)- ==> Parameters: 
2020-12-09 10:20:23,888 DEBUG (BaseJdbcLogger.java:143)- ==>  Preparing: SELECT * FROM device LIMIT ?,? 
2020-12-09 10:20:23,892 DEBUG (BaseJdbcLogger.java:143)- ==> Parameters: 0(Long), 10(Long)
2020-12-09 10:20:23,898 DEBUG (BaseJdbcLogger.java:143)- <==      Total: 4
2020-12-09 10:32:18,380 DEBUG (BaseJdbcLogger.java:143)- ==>  Preparing: SELECT COUNT(1) FROM device 
2020-12-09 10:32:18,382 DEBUG (BaseJdbcLogger.java:143)- ==> Parameters: 
2020-12-09 10:32:18,389 DEBUG (BaseJdbcLogger.java:143)- ==>  Preparing: SELECT * FROM device LIMIT ?,? 
2020-12-09 10:32:18,390 DEBUG (BaseJdbcLogger.java:143)- ==> Parameters: 0(Long), 10(Long)
2020-12-09 10:32:18,393 DEBUG (BaseJdbcLogger.java:143)- <==      Total: 4
2020-12-09 10:32:25,932 DEBUG (BaseJdbcLogger.java:143)- ==>  Preparing: SELECT COUNT(1) FROM user 
2020-12-09 10:32:25,933 DEBUG (BaseJdbcLogger.java:143)- ==> Parameters: 
2020-12-09 10:32:25,937 DEBUG (BaseJdbcLogger.java:143)- ==>  Preparing: SELECT user_id,user_name,role_name,user_right FROM user LIMIT ?,? 
2020-12-09 10:32:25,938 DEBUG (BaseJdbcLogger.java:143)- ==> Parameters: 0(Long), 10(Long)
2020-12-09 10:32:25,941 DEBUG (BaseJdbcLogger.java:143)- <==      Total: 7
2020-12-09 10:32:26,414 DEBUG (BaseJdbcLogger.java:143)- ==>  Preparing: SELECT COUNT(1) FROM role 
2020-12-09 10:32:26,415 DEBUG (BaseJdbcLogger.java:143)- ==> Parameters: 
2020-12-09 10:32:26,417 DEBUG (BaseJdbcLogger.java:143)- ==>  Preparing: SELECT * FROM role LIMIT ?,? 
2020-12-09 10:32:26,417 DEBUG (BaseJdbcLogger.java:143)- ==> Parameters: 0(Long), 10(Long)
2020-12-09 10:32:26,419 DEBUG (BaseJdbcLogger.java:143)- <==      Total: 3
2020-12-09 11:00:51,539 DEBUG (BaseJdbcLogger.java:143)- ==>  Preparing: SELECT COUNT(1) FROM device 
2020-12-09 11:00:51,540 DEBUG (BaseJdbcLogger.java:143)- ==> Parameters: 
2020-12-09 11:00:51,547 DEBUG (BaseJdbcLogger.java:143)- ==>  Preparing: SELECT * FROM device LIMIT ?,? 
2020-12-09 11:00:51,548 DEBUG (BaseJdbcLogger.java:143)- ==> Parameters: 0(Long), 10(Long)
2020-12-09 11:00:51,552 DEBUG (BaseJdbcLogger.java:143)- <==      Total: 4
2020-12-09 11:00:57,362 DEBUG (BaseJdbcLogger.java:143)- ==>  Preparing: SELECT COUNT(1) FROM device 
2020-12-09 11:00:57,363 DEBUG (BaseJdbcLogger.java:143)- ==> Parameters: 
2020-12-09 11:00:57,367 DEBUG (BaseJdbcLogger.java:143)- ==>  Preparing: SELECT * FROM device LIMIT ?,? 
2020-12-09 11:00:57,367 DEBUG (BaseJdbcLogger.java:143)- ==> Parameters: 0(Long), 10(Long)
2020-12-09 11:00:57,381 DEBUG (BaseJdbcLogger.java:143)- <==      Total: 4
2020-12-09 11:01:05,246 DEBUG (BaseJdbcLogger.java:143)- ==>  Preparing: SELECT COUNT(1) FROM role 
2020-12-09 11:01:05,247 DEBUG (BaseJdbcLogger.java:143)- ==> Parameters: 
2020-12-09 11:01:05,250 DEBUG (BaseJdbcLogger.java:143)- ==>  Preparing: SELECT * FROM role LIMIT ?,? 
2020-12-09 11:01:05,251 DEBUG (BaseJdbcLogger.java:143)- ==> Parameters: 0(Long), 10(Long)
2020-12-09 11:01:05,252 DEBUG (BaseJdbcLogger.java:143)- <==      Total: 3
2020-12-09 11:01:08,271 DEBUG (BaseJdbcLogger.java:143)- ==>  Preparing: SELECT COUNT(1) FROM user 
2020-12-09 11:01:08,272 DEBUG (BaseJdbcLogger.java:143)- ==> Parameters: 
2020-12-09 11:01:08,276 DEBUG (BaseJdbcLogger.java:143)- ==>  Preparing: SELECT user_id,user_name,role_name,user_right FROM user LIMIT ?,? 
2020-12-09 11:01:08,279 DEBUG (BaseJdbcLogger.java:143)- ==> Parameters: 0(Long), 10(Long)
2020-12-09 11:01:08,282 DEBUG (BaseJdbcLogger.java:143)- <==      Total: 7
2020-12-09 11:01:08,762 DEBUG (BaseJdbcLogger.java:143)- ==>  Preparing: SELECT COUNT(1) FROM role 
2020-12-09 11:01:08,762 DEBUG (BaseJdbcLogger.java:143)- ==> Parameters: 
2020-12-09 11:01:08,764 DEBUG (BaseJdbcLogger.java:143)- ==>  Preparing: SELECT * FROM role LIMIT ?,? 
2020-12-09 11:01:08,765 DEBUG (BaseJdbcLogger.java:143)- ==> Parameters: 0(Long), 10(Long)
2020-12-09 11:01:08,766 DEBUG (BaseJdbcLogger.java:143)- <==      Total: 3
2020-12-09 11:01:50,598 DEBUG (BaseJdbcLogger.java:143)- ==>  Preparing: SELECT COUNT(1) FROM role 
2020-12-09 11:01:50,599 DEBUG (BaseJdbcLogger.java:143)- ==> Parameters: 
2020-12-09 11:01:50,603 DEBUG (BaseJdbcLogger.java:143)- ==>  Preparing: SELECT * FROM role LIMIT ?,? 
2020-12-09 11:01:50,604 DEBUG (BaseJdbcLogger.java:143)- ==> Parameters: 0(Long), 10(Long)
2020-12-09 11:01:50,609 DEBUG (BaseJdbcLogger.java:143)- <==      Total: 3
2020-12-09 11:03:19,410 DEBUG (BaseJdbcLogger.java:143)- ==>  Preparing: SELECT COUNT(1) FROM user 
2020-12-09 11:03:19,411 DEBUG (BaseJdbcLogger.java:143)- ==> Parameters: 
2020-12-09 11:03:19,413 DEBUG (BaseJdbcLogger.java:143)- ==>  Preparing: SELECT user_id,user_name,role_name,user_right FROM user LIMIT ?,? 
2020-12-09 11:03:19,414 DEBUG (BaseJdbcLogger.java:143)- ==> Parameters: 0(Long), 10(Long)
2020-12-09 11:03:19,418 DEBUG (BaseJdbcLogger.java:143)- <==      Total: 7
2020-12-09 11:03:19,872 DEBUG (BaseJdbcLogger.java:143)- ==>  Preparing: SELECT COUNT(1) FROM role 
2020-12-09 11:03:19,872 DEBUG (BaseJdbcLogger.java:143)- ==> Parameters: 
2020-12-09 11:03:19,876 DEBUG (BaseJdbcLogger.java:143)- ==>  Preparing: SELECT * FROM role LIMIT ?,? 
2020-12-09 11:03:19,876 DEBUG (BaseJdbcLogger.java:143)- ==> Parameters: 0(Long), 10(Long)
2020-12-09 11:03:19,877 DEBUG (BaseJdbcLogger.java:143)- <==      Total: 3
2020-12-09 11:03:21,869 DEBUG (BaseJdbcLogger.java:143)- ==>  Preparing: DELETE FROM user WHERE user_id=? 
2020-12-09 11:03:21,870 DEBUG (BaseJdbcLogger.java:143)- ==> Parameters: 129(Long)
2020-12-09 11:03:21,899 DEBUG (BaseJdbcLogger.java:143)- <==    Updates: 1
2020-12-09 11:03:21,909 DEBUG (BaseJdbcLogger.java:143)- ==>  Preparing: SELECT COUNT(1) FROM user 
2020-12-09 11:03:21,910 DEBUG (BaseJdbcLogger.java:143)- ==> Parameters: 
2020-12-09 11:03:21,912 DEBUG (BaseJdbcLogger.java:143)- ==>  Preparing: SELECT user_id,user_name,role_name,user_right FROM user LIMIT ?,? 
2020-12-09 11:03:21,912 DEBUG (BaseJdbcLogger.java:143)- ==> Parameters: 0(Long), 10(Long)
2020-12-09 11:03:21,914 DEBUG (BaseJdbcLogger.java:143)- <==      Total: 6
2020-12-09 11:04:56,319 DEBUG (BaseJdbcLogger.java:143)- ==>  Preparing: SELECT * FROM user WHERE user_id=? 
2020-12-09 11:04:56,347 DEBUG (BaseJdbcLogger.java:143)- ==> Parameters: 135(String)
2020-12-09 11:04:56,368 DEBUG (BaseJdbcLogger.java:143)- <==      Total: 1
2020-12-09 11:04:57,180 DEBUG (BaseJdbcLogger.java:143)- ==>  Preparing: SELECT * FROM user WHERE user_id=? 
2020-12-09 11:04:57,182 DEBUG (BaseJdbcLogger.java:143)- ==> Parameters: 135(String)
2020-12-09 11:04:57,185 DEBUG (BaseJdbcLogger.java:143)- <==      Total: 1
2020-12-09 11:04:57,232 DEBUG (BaseJdbcLogger.java:143)- ==>  Preparing: SELECT COUNT(1) FROM role 
2020-12-09 11:04:57,232 DEBUG (BaseJdbcLogger.java:143)- ==>  Preparing: SELECT COUNT(1) FROM user 
2020-12-09 11:04:57,233 DEBUG (BaseJdbcLogger.java:143)- ==> Parameters: 
2020-12-09 11:04:57,233 DEBUG (BaseJdbcLogger.java:143)- ==> Parameters: 
2020-12-09 11:04:57,242 DEBUG (BaseJdbcLogger.java:143)- ==>  Preparing: SELECT * FROM role LIMIT ?,? 
2020-12-09 11:04:57,242 DEBUG (BaseJdbcLogger.java:143)- ==>  Preparing: SELECT user_id,user_name,role_name,user_right FROM user LIMIT ?,? 
2020-12-09 11:04:57,244 DEBUG (BaseJdbcLogger.java:143)- ==> Parameters: 0(Long), 10(Long)
2020-12-09 11:04:57,244 DEBUG (BaseJdbcLogger.java:143)- ==> Parameters: 0(Long), 10(Long)
2020-12-09 11:04:57,245 DEBUG (BaseJdbcLogger.java:143)- <==      Total: 3
2020-12-09 11:04:57,246 DEBUG (BaseJdbcLogger.java:143)- <==      Total: 6
2020-12-09 11:04:57,669 DEBUG (BaseJdbcLogger.java:143)- ==>  Preparing: SELECT * FROM user WHERE user_id=? 
2020-12-09 11:04:57,669 DEBUG (BaseJdbcLogger.java:143)- ==> Parameters: 135(String)
2020-12-09 11:04:57,670 DEBUG (BaseJdbcLogger.java:143)- <==      Total: 1
2020-12-09 11:04:57,673 DEBUG (BaseJdbcLogger.java:143)- ==>  Preparing: SELECT COUNT(1) FROM role 
2020-12-09 11:04:57,674 DEBUG (BaseJdbcLogger.java:143)- ==> Parameters: 
2020-12-09 11:04:57,675 DEBUG (BaseJdbcLogger.java:143)- ==>  Preparing: SELECT * FROM role LIMIT ?,? 
2020-12-09 11:04:57,676 DEBUG (BaseJdbcLogger.java:143)- ==> Parameters: 0(Long), 10(Long)
2020-12-09 11:04:57,677 DEBUG (BaseJdbcLogger.java:143)- <==      Total: 3
2020-12-09 11:04:58,131 DEBUG (BaseJdbcLogger.java:143)- ==>  Preparing: SELECT * FROM user WHERE user_id=? 
2020-12-09 11:04:58,131 DEBUG (BaseJdbcLogger.java:143)- ==> Parameters: 135(String)
2020-12-09 11:04:58,133 DEBUG (BaseJdbcLogger.java:143)- <==      Total: 1
2020-12-09 11:04:58,137 DEBUG (BaseJdbcLogger.java:143)- ==>  Preparing: SELECT COUNT(1) FROM role 
2020-12-09 11:04:58,137 DEBUG (BaseJdbcLogger.java:143)- ==> Parameters: 
2020-12-09 11:04:58,140 DEBUG (BaseJdbcLogger.java:143)- ==>  Preparing: SELECT * FROM role LIMIT ?,? 
2020-12-09 11:04:58,140 DEBUG (BaseJdbcLogger.java:143)- ==> Parameters: 0(Long), 10(Long)
2020-12-09 11:04:58,143 DEBUG (BaseJdbcLogger.java:143)- <==      Total: 3
2020-12-09 11:06:30,759 DEBUG (BaseJdbcLogger.java:143)- ==>  Preparing: SELECT * FROM user WHERE user_id=? 
2020-12-09 11:06:30,760 DEBUG (BaseJdbcLogger.java:143)- ==> Parameters: 135(String)
2020-12-09 11:06:30,761 DEBUG (BaseJdbcLogger.java:143)- <==      Total: 1
2020-12-09 11:06:30,765 DEBUG (BaseJdbcLogger.java:143)- ==>  Preparing: SELECT COUNT(1) FROM user 
2020-12-09 11:06:30,766 DEBUG (BaseJdbcLogger.java:143)- ==> Parameters: 
2020-12-09 11:06:30,768 DEBUG (BaseJdbcLogger.java:143)- ==>  Preparing: SELECT user_id,user_name,role_name,user_right FROM user LIMIT ?,? 
2020-12-09 11:06:30,768 DEBUG (BaseJdbcLogger.java:143)- ==> Parameters: 0(Long), 10(Long)
2020-12-09 11:06:30,771 DEBUG (BaseJdbcLogger.java:143)- <==      Total: 6
2020-12-09 11:06:31,249 DEBUG (BaseJdbcLogger.java:143)- ==>  Preparing: SELECT * FROM user WHERE user_id=? 
2020-12-09 11:06:31,251 DEBUG (BaseJdbcLogger.java:143)- ==> Parameters: 135(String)
2020-12-09 11:06:31,253 DEBUG (BaseJdbcLogger.java:143)- <==      Total: 1
2020-12-09 11:06:31,259 DEBUG (BaseJdbcLogger.java:143)- ==>  Preparing: SELECT COUNT(1) FROM role 
2020-12-09 11:06:31,260 DEBUG (BaseJdbcLogger.java:143)- ==> Parameters: 
2020-12-09 11:06:31,262 DEBUG (BaseJdbcLogger.java:143)- ==>  Preparing: SELECT * FROM role LIMIT ?,? 
2020-12-09 11:06:31,262 DEBUG (BaseJdbcLogger.java:143)- ==> Parameters: 0(Long), 10(Long)
2020-12-09 11:06:31,263 DEBUG (BaseJdbcLogger.java:143)- <==      Total: 3
2020-12-09 11:06:31,607 DEBUG (BaseJdbcLogger.java:143)- ==>  Preparing: SELECT * FROM user WHERE user_id=? 
2020-12-09 11:06:31,607 DEBUG (BaseJdbcLogger.java:143)- ==> Parameters: 135(String)
2020-12-09 11:06:31,609 DEBUG (BaseJdbcLogger.java:143)- <==      Total: 1
2020-12-09 11:06:31,614 DEBUG (BaseJdbcLogger.java:143)- ==>  Preparing: SELECT COUNT(1) FROM role 
2020-12-09 11:06:31,614 DEBUG (BaseJdbcLogger.java:143)- ==> Parameters: 
2020-12-09 11:06:31,616 DEBUG (BaseJdbcLogger.java:143)- ==>  Preparing: SELECT * FROM role LIMIT ?,? 
2020-12-09 11:06:31,617 DEBUG (BaseJdbcLogger.java:143)- ==> Parameters: 0(Long), 10(Long)
2020-12-09 11:06:31,618 DEBUG (BaseJdbcLogger.java:143)- <==      Total: 3
2020-12-09 11:06:31,945 DEBUG (BaseJdbcLogger.java:143)- ==>  Preparing: SELECT * FROM user WHERE user_id=? 
2020-12-09 11:06:31,945 DEBUG (BaseJdbcLogger.java:143)- ==> Parameters: 135(String)
2020-12-09 11:06:31,947 DEBUG (BaseJdbcLogger.java:143)- <==      Total: 1
2020-12-09 11:06:31,951 DEBUG (BaseJdbcLogger.java:143)- ==>  Preparing: SELECT COUNT(1) FROM user 
2020-12-09 11:06:31,951 DEBUG (BaseJdbcLogger.java:143)- ==> Parameters: 
2020-12-09 11:06:31,954 DEBUG (BaseJdbcLogger.java:143)- ==>  Preparing: SELECT user_id,user_name,role_name,user_right FROM user LIMIT ?,? 
2020-12-09 11:06:31,955 DEBUG (BaseJdbcLogger.java:143)- ==> Parameters: 0(Long), 10(Long)
2020-12-09 11:06:31,957 DEBUG (BaseJdbcLogger.java:143)- <==      Total: 6
2020-12-09 11:06:32,435 DEBUG (BaseJdbcLogger.java:143)- ==>  Preparing: SELECT * FROM user WHERE user_id=? 
2020-12-09 11:06:32,435 DEBUG (BaseJdbcLogger.java:143)- ==> Parameters: 135(String)
2020-12-09 11:06:32,437 DEBUG (BaseJdbcLogger.java:143)- <==      Total: 1
2020-12-09 11:06:32,440 DEBUG (BaseJdbcLogger.java:143)- ==>  Preparing: SELECT COUNT(1) FROM role 
2020-12-09 11:06:32,440 DEBUG (BaseJdbcLogger.java:143)- ==> Parameters: 
2020-12-09 11:06:32,442 DEBUG (BaseJdbcLogger.java:143)- ==>  Preparing: SELECT * FROM role LIMIT ?,? 
2020-12-09 11:06:32,443 DEBUG (BaseJdbcLogger.java:143)- ==> Parameters: 0(Long), 10(Long)
2020-12-09 11:06:32,445 DEBUG (BaseJdbcLogger.java:143)- <==      Total: 3
2020-12-09 11:07:23,253 DEBUG (BaseJdbcLogger.java:143)- ==>  Preparing: SELECT * FROM user WHERE user_id=? 
2020-12-09 11:07:23,253 DEBUG (BaseJdbcLogger.java:143)- ==> Parameters: 135(String)
2020-12-09 11:07:23,254 DEBUG (BaseJdbcLogger.java:143)- <==      Total: 1
2020-12-09 11:07:23,258 DEBUG (BaseJdbcLogger.java:143)- ==>  Preparing: SELECT COUNT(1) FROM role 
2020-12-09 11:07:23,259 DEBUG (BaseJdbcLogger.java:143)- ==> Parameters: 
2020-12-09 11:07:23,262 DEBUG (BaseJdbcLogger.java:143)- ==>  Preparing: SELECT * FROM role LIMIT ?,? 
2020-12-09 11:07:23,262 DEBUG (BaseJdbcLogger.java:143)- ==> Parameters: 0(Long), 10(Long)
2020-12-09 11:07:23,263 DEBUG (BaseJdbcLogger.java:143)- <==      Total: 3
2020-12-09 11:07:24,392 DEBUG (BaseJdbcLogger.java:143)- ==>  Preparing: SELECT * FROM user WHERE user_id=? 
2020-12-09 11:07:24,393 DEBUG (BaseJdbcLogger.java:143)- ==> Parameters: 135(String)
2020-12-09 11:07:24,394 DEBUG (BaseJdbcLogger.java:143)- <==      Total: 1
2020-12-09 11:07:24,401 DEBUG (BaseJdbcLogger.java:143)- ==>  Preparing: SELECT COUNT(1) FROM user 
2020-12-09 11:07:24,401 DEBUG (BaseJdbcLogger.java:143)- ==> Parameters: 
2020-12-09 11:07:24,404 DEBUG (BaseJdbcLogger.java:143)- ==>  Preparing: SELECT user_id,user_name,role_name,user_right FROM user LIMIT ?,? 
2020-12-09 11:07:24,404 DEBUG (BaseJdbcLogger.java:143)- ==> Parameters: 0(Long), 10(Long)
2020-12-09 11:07:24,406 DEBUG (BaseJdbcLogger.java:143)- <==      Total: 6
2020-12-09 11:07:24,881 DEBUG (BaseJdbcLogger.java:143)- ==>  Preparing: SELECT * FROM user WHERE user_id=? 
2020-12-09 11:07:24,882 DEBUG (BaseJdbcLogger.java:143)- ==> Parameters: 135(String)
2020-12-09 11:07:24,882 DEBUG (BaseJdbcLogger.java:143)- <==      Total: 1
2020-12-09 11:07:24,886 DEBUG (BaseJdbcLogger.java:143)- ==>  Preparing: SELECT COUNT(1) FROM role 
2020-12-09 11:07:24,886 DEBUG (BaseJdbcLogger.java:143)- ==> Parameters: 
2020-12-09 11:07:24,888 DEBUG (BaseJdbcLogger.java:143)- ==>  Preparing: SELECT * FROM role LIMIT ?,? 
2020-12-09 11:07:24,888 DEBUG (BaseJdbcLogger.java:143)- ==> Parameters: 0(Long), 10(Long)
2020-12-09 11:07:24,889 DEBUG (BaseJdbcLogger.java:143)- <==      Total: 3
2020-12-09 11:07:25,061 DEBUG (BaseJdbcLogger.java:143)- ==>  Preparing: SELECT * FROM user WHERE user_id=? 
2020-12-09 11:07:25,062 DEBUG (BaseJdbcLogger.java:143)- ==> Parameters: 135(String)
2020-12-09 11:07:25,064 DEBUG (BaseJdbcLogger.java:143)- <==      Total: 1
2020-12-09 11:07:25,067 DEBUG (BaseJdbcLogger.java:143)- ==>  Preparing: SELECT COUNT(1) FROM role 
2020-12-09 11:07:25,068 DEBUG (BaseJdbcLogger.java:143)- ==> Parameters: 
2020-12-09 11:07:25,070 DEBUG (BaseJdbcLogger.java:143)- ==>  Preparing: SELECT * FROM role LIMIT ?,? 
2020-12-09 11:07:25,071 DEBUG (BaseJdbcLogger.java:143)- ==> Parameters: 0(Long), 10(Long)
2020-12-09 11:07:25,072 DEBUG (BaseJdbcLogger.java:143)- <==      Total: 3
